[debug] [2021-05-16T14:04:12.874Z] ----------------------------------------------------------------------
[debug] [2021-05-16T14:04:12.877Z] Command:       C:\Program Files\nodejs\node.exe C:\Users\samraazeem\AppData\Roaming\npm\node_modules\firebase-tools\lib\bin\firebase.js init
[debug] [2021-05-16T14:04:12.877Z] CLI Version:   9.10.2
[debug] [2021-05-16T14:04:12.877Z] Platform:      win32
[debug] [2021-05-16T14:04:12.877Z] Node Version:  v14.16.0
[debug] [2021-05-16T14:04:12.878Z] Time:          Sun May 16 2021 19:34:12 GMT+0530 (India Standard Time)
[debug] [2021-05-16T14:04:12.878Z] ----------------------------------------------------------------------
[debug] 
[debug] [2021-05-16T14:04:12.881Z] >>> [apiv2][query] GET https://firebase-public.firebaseio.com/cli.json [none]
[debug] [2021-05-16T14:04:12.909Z] > command requires scopes: ["email","openid","https://www.googleapis.com/auth/cloudplatformprojects.readonly","https://www.googleapis.com/auth/firebase","https://www.googleapis.com/auth/cloud-platform"]
[debug] [2021-05-16T14:04:12.910Z] > authorizing via signed-in user (samraazeem545@gmail.com)
[info] 
     ######## #### ########  ######## ########     ###     ######  ########
     ##        ##  ##     ## ##       ##     ##  ##   ##  ##       ##
     ######    ##  ########  ######   ########  #########  ######  ######
     ##        ##  ##    ##  ##       ##     ## ##     ##       ## ##
     ##       #### ##     ## ######## ########  ##     ##  ######  ########

You're about to initialize a Firebase project in this directory:

  C:\Users\samraazeem\Documents\Angular\online-shopping

Before we get started, keep in mind:

  * You are initializing in an existing Firebase project directory

[debug] [2021-05-16T14:04:15.467Z] <<< [apiv2][status] GET https://firebase-public.firebaseio.com/cli.json 200
[debug] [2021-05-16T14:04:15.467Z] <<< [apiv2][body] GET https://firebase-public.firebaseio.com/cli.json {"cloudBuildErrorAfter":1594252800000,"cloudBuildWarnAfter":1590019200000,"defaultNode10After":1594252800000,"minVersion":"3.0.5","node8DeploysDisabledAfter":1613390400000,"node8RuntimeDisabledAfter":1615809600000,"node8WarnAfter":1600128000000}
[error] 
[error] Error: Must select at least one feature. Use SPACEBAR to select features, or provide a feature with firebase init [feature_name]
